2018-09-08 07:22:41 [-][-][-][error][yii\console\UnknownCommandException] exception 'yii\base\InvalidRouteException' with message 'Unable to resolve the request "init".' in /data/suyibang/yii-application/vendor/yiisoft/yii2/base/Module.php:537
Stack trace:
#0 /data/suyibang/yii-application/vendor/yiisoft/yii2/console/Application.php(180): yii\base\Module->runAction('init', Array)
#1 /data/suyibang/yii-application/vendor/yiisoft/yii2/console/Application.php(147): yii\console\Application->runAction('init', Array)
#2 /data/suyibang/yii-application/vendor/yiisoft/yii2/base/Application.php(386): yii\console\Application->handleRequest(Object(yii\console\Request))
#3 /data/suyibang/yii-application/yii(23): yii\base\Application->run()
#4 {main}

Next exception 'yii\console\UnknownCommandException' with message 'Unknown command "init".' in /data/suyibang/yii-application/vendor/yiisoft/yii2/console/Application.php:183
Stack trace:
#0 /data/suyibang/yii-application/vendor/yiisoft/yii2/console/Application.php(147): yii\console\Application->runAction('init', Array)
#1 /data/suyibang/yii-application/vendor/yiisoft/yii2/base/Application.php(386): yii\console\Application->handleRequest(Object(yii\console\Request))
#2 /data/suyibang/yii-application/yii(23): yii\base\Application->run()
#3 {main}
2018-09-08 07:22:41 [-][-][-][info][application] $_GET = []

$_POST = []

$_FILES = []

$_COOKIE = []

$_SERVER = [
    'LC_PAPER' => 'zh_CN.UTF-8'
    'XDG_VTNR' => '7'
    'XDG_SESSION_ID' => 'c4'
    'LC_ADDRESS' => 'zh_CN.UTF-8'
    'CLUTTER_IM_MODULE' => 'xim'
    'LC_MONETARY' => 'zh_CN.UTF-8'
    'SELINUX_INIT' => 'YES'
    'XDG_GREETER_DATA_DIR' => '/var/lib/lightdm-data/android'
    'SESSION' => 'ubuntu'
    'GPG_AGENT_INFO' => '/run/user/1000/keyring-ZyXfH3/gpg:0:1'
    'SHELL' => '/bin/bash'
    'XDG_MENU_PREFIX' => 'gnome-'
    'VTE_VERSION' => '3409'
    'ARMINC' => '/opt/arm/arm501bld94//include'
    'TERM' => 'xterm'
    'ARMHOME' => '/opt/arm/arm501bld94/'
    'ARMTOOLS' => 'ARMCT5.01'
    'HEXAGON_Q6VERSION' => 'v4'
    'LC_NUMERIC' => 'zh_CN.UTF-8'
    'WINDOWID' => '79698006'
    'GNOME_KEYRING_CONTROL' => '/run/user/1000/keyring-ZyXfH3'
    'UPSTART_SESSION' => 'unix:abstract=/com/ubuntu/upstart-session/1000/2809'
    'GTK_MODULES' => 'overlay-scrollbar:unity-gtk-module'
    'USER' => 'android'
    'LS_COLORS' => 'rs=0:di=01;34:ln=01;36:mh=00:pi=40;33:so=01;35:do=01;35:bd=40;33;01:cd=40;33;01:or=40;31;01:su=37;41:sg=30;43:ca=30;41:tw=30;42:ow=34;42:st=37;44:ex=01;32:*.tar=01;31:*.tgz=01;31:*.arj=01;31:*.taz=01;31:*.lzh=01;31:*.lzma=01;31:*.tlz=01;31:*.txz=01;31:*.zip=01;31:*.z=01;31:*.Z=01;31:*.dz=01;31:*.gz=01;31:*.lz=01;31:*.xz=01;31:*.bz2=01;31:*.bz=01;31:*.tbz=01;31:*.tbz2=01;31:*.tz=01;31:*.deb=01;31:*.rpm=01;31:*.jar=01;31:*.war=01;31:*.ear=01;31:*.sar=01;31:*.rar=01;31:*.ace=01;31:*.zoo=01;31:*.cpio=01;31:*.7z=01;31:*.rz=01;31:*.jpg=01;35:*.jpeg=01;35:*.gif=01;35:*.bmp=01;35:*.pbm=01;35:*.pgm=01;35:*.ppm=01;35:*.tga=01;35:*.xbm=01;35:*.xpm=01;35:*.tif=01;35:*.tiff=01;35:*.png=01;35:*.svg=01;35:*.svgz=01;35:*.mng=01;35:*.pcx=01;35:*.mov=01;35:*.mpg=01;35:*.mpeg=01;35:*.m2v=01;35:*.mkv=01;35:*.webm=01;35:*.ogm=01;35:*.mp4=01;35:*.m4v=01;35:*.mp4v=01;35:*.vob=01;35:*.qt=01;35:*.nuv=01;35:*.wmv=01;35:*.asf=01;35:*.rm=01;35:*.rmvb=01;35:*.flc=01;35:*.avi=01;35:*.fli=01;35:*.flv=01;35:*.gl=01;35:*.dl=01;35:*.xcf=01;35:*.xwd=01;35:*.yuv=01;35:*.cgm=01;35:*.emf=01;35:*.axv=01;35:*.anx=01;35:*.ogv=01;35:*.ogx=01;35:*.aac=00;36:*.au=00;36:*.flac=00;36:*.mid=00;36:*.midi=00;36:*.mka=00;36:*.mp3=00;36:*.mpc=00;36:*.ogg=00;36:*.ra=00;36:*.wav=00;36:*.axa=00;36:*.oga=00;36:*.spx=00;36:*.xspf=00;36:'
    'LC_TELEPHONE' => 'zh_CN.UTF-8'
    'ARMLIB' => '/opt/arm/arm501bld94//lib'
    'HEXAGON_ROOT' => '/opt/HEXAGON_Tools'
    'XDG_SESSION_PATH' => '/org/freedesktop/DisplayManager/Session1'
    'XDG_SEAT_PATH' => '/org/freedesktop/DisplayManager/Seat0'
    'SSH_AUTH_SOCK' => '/run/user/1000/keyring-ZyXfH3/ssh'
    'HEXAGON_IMAGE_ENTRY' => '0x08400000'
    'T32ID' => 'T32'
    'SESSION_MANAGER' => 'local/U-NSGWD180026-yibang:@/tmp/.ICE-unix/2998,unix/U-NSGWD180026-yibang:/tmp/.ICE-unix/2998'
    'DEFAULTS_PATH' => '/usr/share/gconf/ubuntu.default.path'
    'T32SYS' => '/data/suyibang/tool/trace32'
    'XDG_CONFIG_DIRS' => '/etc/xdg/xdg-ubuntu:/usr/share/upstart/xdg:/etc/xdg'
    'PATH' => '/data/tools/jdk_new/bin:/data/tools/jdk_new/lib:/data/tools/android-sdk-linux_x86/tools:/data/tools/android-sdk-linux_x86/platform-tools:/data/tools/android-ndk:/data/tools/android-studio/gradle/gradle-2.5/bin:/usr/lib/jvm/java-8-openjdk-amd64/jre/bin:/usr/lib/jvm/java-8-openjdk-amd64//lib:/usr/lib/jvm/java-8-openjdk-amd64/jre/lib:/usr/lib/jvm/java-8-openjdk-amd64//bin::/opt/arm/arm501bld94//bin64:/opt/arm/arm501bld94/bin64:/usr/local/sbin:/usr/local/bin:/usr/sbin:/usr/bin:/sbin:/bin:/usr/games:/usr/local/games:/data/suyibang/bin:/data/suyibang/tool/host/linux-x86/bin:/data/suyibang/tool/trace32/bin/pc_linux64'
    'DESKTOP_SESSION' => 'ubuntu'
    'ARMINCLUDE' => '/opt/arm/arm501bld94//include'
    'QT_QPA_PLATFORMTHEME' => 'appmenu-qt5'
    'QT_IM_MODULE' => 'xim'
    'LC_IDENTIFICATION' => 'zh_CN.UTF-8'
    'JOB' => 'dbus'
    'PWD' => '/data/suyibang/yii-application'
    'T32TMP' => '/tmp'
    'JAVA_HOME' => '/usr/lib/jvm/java-8-openjdk-amd64'
    'XMODIFIERS' => '@im=fcitx'
    'LANG' => 'en_US.UTF-8'
    'GNOME_KEYRING_PID' => '2807'
    'MANDATORY_PATH' => '/usr/share/gconf/ubuntu.mandatory.path'
    'GDM_LANG' => 'en'
    'LC_MEASUREMENT' => 'zh_CN.UTF-8'
    'IM_CONFIG_PHASE' => '1'
    'COMPIZ_CONFIG_PROFILE' => 'ubuntu'
    'HEXAGON_RTOS_RELEASE' => '5.0.01'
    'GDMSESSION' => 'ubuntu'
    'SESSIONTYPE' => 'gnome-session'
    'XDG_SEAT' => 'seat0'
    'HOME' => '/data/suyibang'
    'SHLVL' => '1'
    'LANGUAGE' => 'en'
    'GNOME_DESKTOP_SESSION_ID' => 'this-is-deprecated'
    'LIBGL_ALWAYS_SOFTWARE' => '1'
    'LOGNAME' => 'android'
    'PYTHONPATH' => '/data/tools/Qualcomm/pythonanywhere/Python-2.6.2/bin'
    'CLASSPATH' => ':/usr/share/tomcat7/lib/servlet-api.jar:/data/suyibang/tomcat/lib/commons-fileupload-1.3.3.jar:/data/suyibang/tomcat/lib/commons-io-2.6.jar'
    'QT4_IM_MODULE' => 'fcitx'
    'XDG_DATA_DIRS' => '/usr/share/ubuntu:/usr/share/gnome:/usr/local/share/:/usr/share/'
    'DBUS_SESSION_BUS_ADDRESS' => 'unix:abstract=/tmp/dbus-R7xy3xXaQn'
    'LESSOPEN' => '| /usr/bin/lesspipe %s'
    'PKG_CONFIG_PATH' => '/opt/intel/opencl:'
    'JDK_NEW_LIB_PATH' => '/data/tools/jdk_new/lib'
    'TEXTDOMAIN' => 'im-config'
    'INSTANCE' => ''
    'DISPLAY' => ':0.0'
    'XDG_RUNTIME_DIR' => '/run/user/1000'
    'ARMROOT' => '/opt/arm/arm501bld94/'
    'GTK_IM_MODULE' => 'fcitx'
    'XDG_CURRENT_DESKTOP' => 'Unity'
    'LESSCLOSE' => '/usr/bin/lesspipe %s %s'
    'LC_TIME' => 'zh_CN.UTF-8'
    'ARMBIN' => '/opt/arm/arm501bld94//bin64'
    'TEXTDOMAINDIR' => '/usr/share/locale/'
    'COLORTERM' => 'gnome-terminal'
    'XAUTHORITY' => '/data/suyibang/.Xauthority'
    'LC_NAME' => 'zh_CN.UTF-8'
    '_' => '/usr/bin/php'
    'OLDPWD' => '/data/suyibang/basic'
    'PHP_SELF' => 'yii'
    'SCRIPT_NAME' => 'yii'
    'SCRIPT_FILENAME' => 'yii'
    'PATH_TRANSLATED' => 'yii'
    'DOCUMENT_ROOT' => ''
    'REQUEST_TIME_FLOAT' => 1536391361.4104
    'REQUEST_TIME' => 1536391361
    'argv' => [
        0 => 'yii'
        1 => 'init'
    ]
    'argc' => 2
]
2018-09-08 07:35:04 [-][-][-][error][yii\db\Exception] exception 'PDOException' with message 'SQLSTATE[28000] [1045] Access denied for user 'root'@'localhost' (using password: NO)' in /data/suyibang/yii-application/vendor/yiisoft/yii2/db/Connection.php:687
Stack trace:
#0 /data/suyibang/yii-application/vendor/yiisoft/yii2/db/Connection.php(687): PDO->__construct('mysql:host=loca...', 'root', '', NULL)
#1 /data/suyibang/yii-application/vendor/yiisoft/yii2/db/Connection.php(613): yii\db\Connection->createPdoInstance()
#2 /data/suyibang/yii-application/vendor/yiisoft/yii2/db/Connection.php(996): yii\db\Connection->open()
#3 /data/suyibang/yii-application/vendor/yiisoft/yii2/db/Connection.php(983): yii\db\Connection->getMasterPdo()
#4 /data/suyibang/yii-application/vendor/yiisoft/yii2/db/Command.php(253): yii\db\Connection->getSlavePdo()
#5 /data/suyibang/yii-application/vendor/yiisoft/yii2/db/Command.php(1143): yii\db\Command->prepare(true)
#6 /data/suyibang/yii-application/vendor/yiisoft/yii2/db/Command.php(399): yii\db\Command->queryInternal('fetchAll', NULL)
#7 /data/suyibang/yii-application/vendor/yiisoft/yii2/db/mysql/Schema.php(312): yii\db\Command->queryAll()
#8 /data/suyibang/yii-application/vendor/yiisoft/yii2/db/mysql/Schema.php(125): yii\db\mysql\Schema->findColumns(Object(yii\db\TableSchema))
#9 /data/suyibang/yii-application/vendor/yiisoft/yii2/db/Schema.php(744): yii\db\mysql\Schema->loadTableSchema('migration')
#10 /data/suyibang/yii-application/vendor/yiisoft/yii2/db/Schema.php(194): yii\db\Schema->getTableMetadata('{{%migration}}', 'schema', true)
#11 /data/suyibang/yii-application/vendor/yiisoft/yii2/console/controllers/MigrateController.php(210): yii\db\Schema->getTableSchema('{{%migration}}', true)
#12 /data/suyibang/yii-application/vendor/yiisoft/yii2/console/controllers/BaseMigrateController.php(875): yii\console\controllers\MigrateController->getMigrationHistory(NULL)
#13 /data/suyibang/yii-application/vendor/yiisoft/yii2/console/controllers/BaseMigrateController.php(166): yii\console\controllers\BaseMigrateController->getNewMigrations()
#14 [internal function]: yii\console\controllers\BaseMigrateController->actionUp(0)
#15 /data/suyibang/yii-application/vendor/yiisoft/yii2/base/InlineAction.php(57): call_user_func_array(Array, Array)
#16 /data/suyibang/yii-application/vendor/yiisoft/yii2/base/Controller.php(157): yii\base\InlineAction->runWithParams(Array)
#17 /data/suyibang/yii-application/vendor/yiisoft/yii2/console/Controller.php(148): yii\base\Controller->runAction('', Array)
#18 /data/suyibang/yii-application/vendor/yiisoft/yii2/base/Module.php(528): yii\console\Controller->runAction('', Array)
#19 /data/suyibang/yii-application/vendor/yiisoft/yii2/console/Application.php(180): yii\base\Module->runAction('migrate', Array)
#20 /data/suyibang/yii-application/vendor/yiisoft/yii2/console/Application.php(147): yii\console\Application->runAction('migrate', Array)
#21 /data/suyibang/yii-application/vendor/yiisoft/yii2/base/Application.php(386): yii\console\Application->handleRequest(Object(yii\console\Request))
#22 /data/suyibang/yii-application/yii_test(22): yii\base\Application->run()
#23 {main}

Next exception 'yii\db\Exception' with message 'SQLSTATE[28000] [1045] Access denied for user 'root'@'localhost' (using password: NO)' in /data/suyibang/yii-application/vendor/yiisoft/yii2/db/Connection.php:624
Stack trace:
#0 /data/suyibang/yii-application/vendor/yiisoft/yii2/db/Connection.php(996): yii\db\Connection->open()
#1 /data/suyibang/yii-application/vendor/yiisoft/yii2/db/Connection.php(983): yii\db\Connection->getMasterPdo()
#2 /data/suyibang/yii-application/vendor/yiisoft/yii2/db/Command.php(253): yii\db\Connection->getSlavePdo()
#3 /data/suyibang/yii-application/vendor/yiisoft/yii2/db/Command.php(1143): yii\db\Command->prepare(true)
#4 /data/suyibang/yii-application/vendor/yiisoft/yii2/db/Command.php(399): yii\db\Command->queryInternal('fetchAll', NULL)
#5 /data/suyibang/yii-application/vendor/yiisoft/yii2/db/mysql/Schema.php(312): yii\db\Command->queryAll()
#6 /data/suyibang/yii-application/vendor/yiisoft/yii2/db/mysql/Schema.php(125): yii\db\mysql\Schema->findColumns(Object(yii\db\TableSchema))
#7 /data/suyibang/yii-application/vendor/yiisoft/yii2/db/Schema.php(744): yii\db\mysql\Schema->loadTableSchema('migration')
#8 /data/suyibang/yii-application/vendor/yiisoft/yii2/db/Schema.php(194): yii\db\Schema->getTableMetadata('{{%migration}}', 'schema', true)
#9 /data/suyibang/yii-application/vendor/yiisoft/yii2/console/controllers/MigrateController.php(210): yii\db\Schema->getTableSchema('{{%migration}}', true)
#10 /data/suyibang/yii-application/vendor/yiisoft/yii2/console/controllers/BaseMigrateController.php(875): yii\console\controllers\MigrateController->getMigrationHistory(NULL)
#11 /data/suyibang/yii-application/vendor/yiisoft/yii2/console/controllers/BaseMigrateController.php(166): yii\console\controllers\BaseMigrateController->getNewMigrations()
#12 [internal function]: yii\console\controllers\BaseMigrateController->actionUp(0)
#13 /data/suyibang/yii-application/vendor/yiisoft/yii2/base/InlineAction.php(57): call_user_func_array(Array, Array)
#14 /data/suyibang/yii-application/vendor/yiisoft/yii2/base/Controller.php(157): yii\base\InlineAction->runWithParams(Array)
#15 /data/suyibang/yii-application/vendor/yiisoft/yii2/console/Controller.php(148): yii\base\Controller->runAction('', Array)
#16 /data/suyibang/yii-application/vendor/yiisoft/yii2/base/Module.php(528): yii\console\Controller->runAction('', Array)
#17 /data/suyibang/yii-application/vendor/yiisoft/yii2/console/Application.php(180): yii\base\Module->runAction('migrate', Array)
#18 /data/suyibang/yii-application/vendor/yiisoft/yii2/console/Application.php(147): yii\console\Application->runAction('migrate', Array)
#19 /data/suyibang/yii-application/vendor/yiisoft/yii2/base/Application.php(386): yii\console\Application->handleRequest(Object(yii\console\Request))
#20 /data/suyibang/yii-application/yii_test(22): yii\base\Application->run()
#21 {main}
Additional Information:

2018-09-08 07:35:04 [-][-][-][info][application] $_GET = []

$_POST = []

$_FILES = []

$_COOKIE = []

$_SERVER = [
    'LC_PAPER' => 'zh_CN.UTF-8'
    'XDG_VTNR' => '7'
    'XDG_SESSION_ID' => 'c4'
    'LC_ADDRESS' => 'zh_CN.UTF-8'
    'CLUTTER_IM_MODULE' => 'xim'
    'LC_MONETARY' => 'zh_CN.UTF-8'
    'SELINUX_INIT' => 'YES'
    'XDG_GREETER_DATA_DIR' => '/var/lib/lightdm-data/android'
    'SESSION' => 'ubuntu'
    'GPG_AGENT_INFO' => '/run/user/1000/keyring-ZyXfH3/gpg:0:1'
    'SHELL' => '/bin/bash'
    'XDG_MENU_PREFIX' => 'gnome-'
    'VTE_VERSION' => '3409'
    'ARMINC' => '/opt/arm/arm501bld94//include'
    'TERM' => 'xterm'
    'ARMHOME' => '/opt/arm/arm501bld94/'
    'ARMTOOLS' => 'ARMCT5.01'
    'HEXAGON_Q6VERSION' => 'v4'
    'LC_NUMERIC' => 'zh_CN.UTF-8'
    'WINDOWID' => '79698006'
    'GNOME_KEYRING_CONTROL' => '/run/user/1000/keyring-ZyXfH3'
    'UPSTART_SESSION' => 'unix:abstract=/com/ubuntu/upstart-session/1000/2809'
    'GTK_MODULES' => 'overlay-scrollbar:unity-gtk-module'
    'USER' => 'android'
    'LS_COLORS' => 'rs=0:di=01;34:ln=01;36:mh=00:pi=40;33:so=01;35:do=01;35:bd=40;33;01:cd=40;33;01:or=40;31;01:su=37;41:sg=30;43:ca=30;41:tw=30;42:ow=34;42:st=37;44:ex=01;32:*.tar=01;31:*.tgz=01;31:*.arj=01;31:*.taz=01;31:*.lzh=01;31:*.lzma=01;31:*.tlz=01;31:*.txz=01;31:*.zip=01;31:*.z=01;31:*.Z=01;31:*.dz=01;31:*.gz=01;31:*.lz=01;31:*.xz=01;31:*.bz2=01;31:*.bz=01;31:*.tbz=01;31:*.tbz2=01;31:*.tz=01;31:*.deb=01;31:*.rpm=01;31:*.jar=01;31:*.war=01;31:*.ear=01;31:*.sar=01;31:*.rar=01;31:*.ace=01;31:*.zoo=01;31:*.cpio=01;31:*.7z=01;31:*.rz=01;31:*.jpg=01;35:*.jpeg=01;35:*.gif=01;35:*.bmp=01;35:*.pbm=01;35:*.pgm=01;35:*.ppm=01;35:*.tga=01;35:*.xbm=01;35:*.xpm=01;35:*.tif=01;35:*.tiff=01;35:*.png=01;35:*.svg=01;35:*.svgz=01;35:*.mng=01;35:*.pcx=01;35:*.mov=01;35:*.mpg=01;35:*.mpeg=01;35:*.m2v=01;35:*.mkv=01;35:*.webm=01;35:*.ogm=01;35:*.mp4=01;35:*.m4v=01;35:*.mp4v=01;35:*.vob=01;35:*.qt=01;35:*.nuv=01;35:*.wmv=01;35:*.asf=01;35:*.rm=01;35:*.rmvb=01;35:*.flc=01;35:*.avi=01;35:*.fli=01;35:*.flv=01;35:*.gl=01;35:*.dl=01;35:*.xcf=01;35:*.xwd=01;35:*.yuv=01;35:*.cgm=01;35:*.emf=01;35:*.axv=01;35:*.anx=01;35:*.ogv=01;35:*.ogx=01;35:*.aac=00;36:*.au=00;36:*.flac=00;36:*.mid=00;36:*.midi=00;36:*.mka=00;36:*.mp3=00;36:*.mpc=00;36:*.ogg=00;36:*.ra=00;36:*.wav=00;36:*.axa=00;36:*.oga=00;36:*.spx=00;36:*.xspf=00;36:'
    'LC_TELEPHONE' => 'zh_CN.UTF-8'
    'ARMLIB' => '/opt/arm/arm501bld94//lib'
    'HEXAGON_ROOT' => '/opt/HEXAGON_Tools'
    'XDG_SESSION_PATH' => '/org/freedesktop/DisplayManager/Session1'
    'XDG_SEAT_PATH' => '/org/freedesktop/DisplayManager/Seat0'
    'SSH_AUTH_SOCK' => '/run/user/1000/keyring-ZyXfH3/ssh'
    'HEXAGON_IMAGE_ENTRY' => '0x08400000'
    'T32ID' => 'T32'
    'SESSION_MANAGER' => 'local/U-NSGWD180026-yibang:@/tmp/.ICE-unix/2998,unix/U-NSGWD180026-yibang:/tmp/.ICE-unix/2998'
    'DEFAULTS_PATH' => '/usr/share/gconf/ubuntu.default.path'
    'T32SYS' => '/data/suyibang/tool/trace32'
    'XDG_CONFIG_DIRS' => '/etc/xdg/xdg-ubuntu:/usr/share/upstart/xdg:/etc/xdg'
    'PATH' => '/data/tools/jdk_new/bin:/data/tools/jdk_new/lib:/data/tools/android-sdk-linux_x86/tools:/data/tools/android-sdk-linux_x86/platform-tools:/data/tools/android-ndk:/data/tools/android-studio/gradle/gradle-2.5/bin:/usr/lib/jvm/java-8-openjdk-amd64/jre/bin:/usr/lib/jvm/java-8-openjdk-amd64//lib:/usr/lib/jvm/java-8-openjdk-amd64/jre/lib:/usr/lib/jvm/java-8-openjdk-amd64//bin::/opt/arm/arm501bld94//bin64:/opt/arm/arm501bld94/bin64:/usr/local/sbin:/usr/local/bin:/usr/sbin:/usr/bin:/sbin:/bin:/usr/games:/usr/local/games:/data/suyibang/bin:/data/suyibang/tool/host/linux-x86/bin:/data/suyibang/tool/trace32/bin/pc_linux64'
    'DESKTOP_SESSION' => 'ubuntu'
    'ARMINCLUDE' => '/opt/arm/arm501bld94//include'
    'QT_QPA_PLATFORMTHEME' => 'appmenu-qt5'
    'QT_IM_MODULE' => 'xim'
    'LC_IDENTIFICATION' => 'zh_CN.UTF-8'
    'JOB' => 'dbus'
    'PWD' => '/data/suyibang/yii-application'
    'T32TMP' => '/tmp'
    'JAVA_HOME' => '/usr/lib/jvm/java-8-openjdk-amd64'
    'XMODIFIERS' => '@im=fcitx'
    'LANG' => 'en_US.UTF-8'
    'GNOME_KEYRING_PID' => '2807'
    'MANDATORY_PATH' => '/usr/share/gconf/ubuntu.mandatory.path'
    'GDM_LANG' => 'en'
    'LC_MEASUREMENT' => 'zh_CN.UTF-8'
    'IM_CONFIG_PHASE' => '1'
    'COMPIZ_CONFIG_PROFILE' => 'ubuntu'
    'HEXAGON_RTOS_RELEASE' => '5.0.01'
    'GDMSESSION' => 'ubuntu'
    'SESSIONTYPE' => 'gnome-session'
    'XDG_SEAT' => 'seat0'
    'HOME' => '/data/suyibang'
    'SHLVL' => '1'
    'LANGUAGE' => 'en'
    'GNOME_DESKTOP_SESSION_ID' => 'this-is-deprecated'
    'LIBGL_ALWAYS_SOFTWARE' => '1'
    'LOGNAME' => 'android'
    'PYTHONPATH' => '/data/tools/Qualcomm/pythonanywhere/Python-2.6.2/bin'
    'CLASSPATH' => ':/usr/share/tomcat7/lib/servlet-api.jar:/data/suyibang/tomcat/lib/commons-fileupload-1.3.3.jar:/data/suyibang/tomcat/lib/commons-io-2.6.jar'
    'QT4_IM_MODULE' => 'fcitx'
    'XDG_DATA_DIRS' => '/usr/share/ubuntu:/usr/share/gnome:/usr/local/share/:/usr/share/'
    'DBUS_SESSION_BUS_ADDRESS' => 'unix:abstract=/tmp/dbus-R7xy3xXaQn'
    'LESSOPEN' => '| /usr/bin/lesspipe %s'
    'PKG_CONFIG_PATH' => '/opt/intel/opencl:'
    'JDK_NEW_LIB_PATH' => '/data/tools/jdk_new/lib'
    'TEXTDOMAIN' => 'im-config'
    'INSTANCE' => ''
    'DISPLAY' => ':0.0'
    'XDG_RUNTIME_DIR' => '/run/user/1000'
    'ARMROOT' => '/opt/arm/arm501bld94/'
    'GTK_IM_MODULE' => 'fcitx'
    'XDG_CURRENT_DESKTOP' => 'Unity'
    'LESSCLOSE' => '/usr/bin/lesspipe %s %s'
    'LC_TIME' => 'zh_CN.UTF-8'
    'ARMBIN' => '/opt/arm/arm501bld94//bin64'
    'TEXTDOMAINDIR' => '/usr/share/locale/'
    'COLORTERM' => 'gnome-terminal'
    'XAUTHORITY' => '/data/suyibang/.Xauthority'
    'LC_NAME' => 'zh_CN.UTF-8'
    '_' => './yii_test'
    'OLDPWD' => '/data/suyibang/basic'
    'PHP_SELF' => './yii_test'
    'SCRIPT_NAME' => './yii_test'
    'SCRIPT_FILENAME' => './yii_test'
    'PATH_TRANSLATED' => './yii_test'
    'DOCUMENT_ROOT' => ''
    'REQUEST_TIME_FLOAT' => 1536392104.4652
    'REQUEST_TIME' => 1536392104
    'argv' => [
        0 => './yii_test'
        1 => 'migrate'
    ]
    'argc' => 2
]
